-----  WAKE UP THE ANIMALS  -----
Zeke wakes up Doug the Dog.
Zeke wakes up Wolfie the Wolf.
Zeke wakes up Frank the Fox.
Zeke wakes up Hide the Hippo.
Zeke wakes up Earnie the Elephant.
Zeke wakes up Trunks the Tiger.
Zeke wakes up Leon the Lion.
Zeke wakes up Casper the Cat.
-----  ROLL CALL  -----
Doug the Dog: Woof!
Wolfie the Wolf: Awooooo!
Frank the Fox: Awooooo!
Hide the Hippo: Huff Huff Huff!
Earnie the Elephant: Twoot Twooooot!
Trunks the Tiger: Roaaar Roaar!
Leon the Lion: Roaaar Roaar!
Casper the Cat: Meeeooooown!
-----  FEEDING TIME  -----
Zeke feeds Doug the Dog.
Doug the Dog: Nom Nom Nom!
Pieces of food are littered all over the floor!
Zeke feeds Wolfie the Wolf.
Wolfie the Wolf: Chomp Chomp Chomp!
Shreded morsels of food are scattered all over the floor!
Zeke feeds Frank the Fox.
Frank the Fox: Chomp Chomp Chomp!
Tiny shreds of food are sprinkled all over the floor!
Zeke feeds Hide the Hippo.
Hide the Hippo: Flap Flap Flap
Hide the Hippo powerfully crushes the food in one bite!
Zeke feeds Earnie the Elephant.
Earnie the Elephant: Crunch Crunch Crunch
Earnie the Elephant gingerly eats the food with its trunk!
Zeke feeds Trunks the Tiger.
Trunks the Tiger: Crunch Crunch!
Pieces of food cling to Trunks's paws!
Zeke feeds Leon the Lion.
Leon the Lion: Crunch Crunch!
Pieces of food cling to Leon's mane!
Zeke feeds Casper the Cat.
Casper the Cat: Slurp Slurp Slurp!
Not a trace of fish is left in the bowl!
-----  TIME TO WORKOUT  -----
Zeke exercises Doug the Dog.
Doug the Dog exicitedly runs around the yard
Zeke exercises Wolfie the Wolf.
Wolfie the Wolf exicitedly runs around the yard
Zeke exercises Frank the Fox.
Frank the Fox exicitedly runs around the yard
Zeke exercises Hide the Hippo.
Hide the Hippo slowly waddles around the field
Zeke exercises Earnie the Elephant.
Earnie the Elephant slowly waddles around the field
Zeke exercises Trunks the Tiger.
Trunks the Tiger lazily pads around the den.
Zeke exercises Leon the Lion.
Leon the Lion lazily pads around the den.
Zeke exercises Casper the Cat.
Casper the Cat: Hissssssssss!
-----  SHUTTING DOWN THE ZOO  -----
Zeke makes Doug the Dog go to sleep!
Zeke makes Wolfie the Wolf go to sleep!
Zeke makes Frank the Fox go to sleep!
Zeke makes Hide the Hippo go to sleep!
Zeke makes Earnie the Elephant go to sleep!
Zeke makes Trunks the Tiger go to sleep!
Zeke makes Leon the Lion go to sleep!
Zeke makes Casper the Cat go to sleep!
