Zain: Attention everyone!
Zain: Please direct your attention to Zeke the zookeeper!
Zain: Zeke is waking the animals!
Zeke wakes up Harry the Hippo.
Zeke wakes up Elenor the Elephant.
Zeke wakes up Wolfgang the Wolf.
Zeke wakes up Dain the Dog.
Zeke wakes up Ferris the Fox.
Zeke wakes up Tony the Tiger.
Zeke wakes up Lenny the Lion.
Zeke wakes up Chris the Elephant Lion Chimera.
Zeke wakes up Curtis the Cat.
Zain: Attention everyone!
Zain: Please direct your attention to Zeke the zookeeper!
Zain: Zeke is doing rollcall!
-----  ROLL CALL  -----
Harry the Hippo: Huff Huff Huff!
Elenor the Elephant: Twoot Twoooooot!
Wolfgang the Wolf: Awoooo!
Dain the Dog: Woof!
Ferris the Fox: Awoooo!
Tony the Tiger: Roaar Roaar!
Lenny the Lion: Roaar Roaar!
Chris the Elephant Lion Chimera: Twoot Twoooooot!
Curtis the Cat: ZZZZZZZzzzzzzzz
Curtis the Cat: nom nom noom 
Some pieces of kibble are still left in the bowl!
Curtis the Cat: lazily pads around the den.
Curtis the Cat: Hissssssss!
Curtis the Cat: ZZZZZZZzzzzzzzz
Curtis the Cat: ZZZZZZZzzzzzzzz
Curtis the Cat: lazily pads around the den.
Curtis the Cat: nom nom noom 
Some pieces of kibble are still left in the bowl!
Curtis the Cat: lazily pads around the den.
Curtis the Cat: lazily pads around the den.
Curtis the Cat: Meeeeeeoooow!
Zain: Attention everyone!
Zain: Please direct your attention to Zeke the zookeeper!
Zain: Zeke is feeding the animals!
-----  FEEDING TIME  -----
Zeke feeds Harry the Hippo.
Harry the Hippo: Flap Flap Flap
Harry the Hippo powerfully crushes the watermelon in one bite!
Zeke feeds Elenor the Elephant.
Elenor the Elephant: Crunch Crunch Crunch
Elenor the Elephant gingerly eats the peanuts with its trunk
Zeke feeds Wolfgang the Wolf.
Wolfgang the Wolf: Chomp Chomp Chomp
Shredded morsels of lamb are scatted all over the place!
Zeke feeds Dain the Dog.
Dain the Dog: Nom Nom Nom 
Pieces of kibble are littered all over the floor!
Zeke feeds Ferris the Fox.
Ferris the Fox: Chomp Chomp Chomp
Tiny shreds of kibble are sprinkled all over the floor!
Zeke feeds Tony the Tiger.
Tony the Tiger: Crunch Crunch
Pieces of deer cling to Tony's paws!'
Zeke feeds Lenny the Lion.
Lenny the Lion: Crunch Crunch
Pinces of gazelle cling to Lenny's mane!'
Zeke feeds Chris the Elephant Lion Chimera.
Chris the Elephant Lion Chimera: Crunch Crunch
Pinces of gazelle cling to Chris's mane!'
Zeke feeds Curtis the Cat.
Curtis the Cat: ZZZZZZZzzzzzzzz
Curtis the Cat: ZZZZZZZzzzzzzzz
Curtis the Cat: lazily pads around the den.
Curtis the Cat: Meeeeeeoooow!
Curtis the Cat: Hissssssss!
Curtis the Cat: ZZZZZZZzzzzzzzz
Curtis the Cat: nom nom noom 
Some pieces of kibble are still left in the bowl!
Zain: Attention everyone!
Zain: Please direct your attention to Zeke the zookeeper!
Zain: Zeke is exersizing the animals!
Zeke exercises Harry the Hippo.
Harry the Hippo:  slowly waddles aroudn the field.
Zeke exercises Elenor the Elephant.
Elenor the Elephant:  slowly waddles aroudn the field.
Zeke exercises Wolfgang the Wolf.
Wolfgang the Wolf: excitedly runs around the yard.
Zeke exercises Dain the Dog.
Dain the Dog: excitedly runs around the yard.
Zeke exercises Ferris the Fox.
Ferris the Fox: excitedly runs around the yard.
Zeke exercises Tony the Tiger.
Tony the Tiger: lazily pads around the den.
Zeke exercises Lenny the Lion.
Lenny the Lion: lazily pads around the den.
Zeke exercises Chris the Elephant Lion Chimera.
Chris the Elephant Lion Chimera:  slowly waddles aroudn the field.
Zeke exercises Curtis the Cat.
Curtis the Cat: ZZZZZZZzzzzzzzz
Curtis the Cat: ZZZZZZZzzzzzzzz
Curtis the Cat: ZZZZZZZzzzzzzzz
Curtis the Cat: lazily pads around the den.
Zain: Attention everyone!
Zain: Please direct your attention to Zeke the zookeeper!
Zain: Zeke is putting the animals to bed!
Zeke puts Harry the Hippo to sleep.
Harry the Hippo: ZZZZZZZzzzzzzzz
Zeke puts Elenor the Elephant to sleep.
Elenor the Elephant: ZZZZZZZzzzzzzzz
Zeke puts Wolfgang the Wolf to sleep.
Wolfgang the Wolf: ZZZZZZZzzzzzzzz
Zeke puts Dain the Dog to sleep.
Dain the Dog: ZZZZZZZzzzzzzzz
Zeke puts Ferris the Fox to sleep.
Ferris the Fox: ZZZZZZZzzzzzzzz
Zeke puts Tony the Tiger to sleep.
Tony the Tiger: ZZZZZZZzzzzzzzz
Zeke puts Lenny the Lion to sleep.
Lenny the Lion: ZZZZZZZzzzzzzzz
Zeke puts Chris the Elephant Lion Chimera to sleep.
Chris the Elephant Lion Chimera: ZZZZZZZzzzzzzzz
Zeke puts Curtis the Cat to sleep.
Curtis the Cat: ZZZZZZZzzzzzzzz
